Base path: '/Applications/Unity/Hub/Editor/2019.2.5f1/Unity.app/Contents', plugins path '/Applications/Unity/Hub/Editor/2019.2.5f1/Unity.app/Contents/PlaybackEngines'
Cmd: initializeCompiler
Cmd: preprocess
  insize=1399 outsize=441 ok=1
Cmd: preprocess
  insize=435 outsize=435 ok=1
Cmd: preprocess
  insize=1615 outsize=1853 ok=1
Cmd: preprocess
  insize=3079 outsize=302 ok=1
Cmd: preprocess
  insize=2963 outsize=388 ok=1
Cmd: preprocess
  insize=4242 outsize=1054 ok=1
Cmd: preprocess
  insize=1099 outsize=1288 ok=1
Cmd: preprocess
  insize=2542 outsize=276 ok=1
Cmd: preprocess
  insize=2582 outsize=368 ok=1
Cmd: preprocess
  insize=1454 outsize=1800 ok=1
Cmd: preprocess
  insize=1013 outsize=1373 ok=1
Cmd: preprocessCompute
  insize=1382 outsize=1386 ok=1
Cmd: preprocess
  insize=12931 outsize=2549 ok=1
Cmd: preprocess
  insize=1044 outsize=940 ok=1
Cmd: preprocess
  insize=3618 outsize=353 ok=1
Cmd: preprocess
  insize=5780 outsize=1782 ok=1
Cmd: preprocessCompute
  insize=3176 outsize=3182 ok=1
Cmd: preprocess
  insize=2188 outsize=281 ok=1
Cmd: preprocess
  insize=2273 outsize=1010 ok=1
Cmd: preprocess
  insize=31310 outsize=1466 ok=1
Cmd: preprocess
  insize=2236 outsize=943 ok=1
Cmd: preprocess
  insize=2601 outsize=1305 ok=1
Cmd: preprocess
  insize=7066 outsize=798 ok=1
Cmd: preprocess
  insize=934 outsize=280 ok=1
Cmd: preprocess
  insize=6596 outsize=467 ok=1
Cmd: preprocess
  insize=12069 outsize=2430 ok=1
Cmd: preprocess
  insize=1868 outsize=283 ok=1
Cmd: preprocess
  insize=11336 outsize=651 ok=1
Cmd: preprocess
  insize=2431 outsize=469 ok=1
Cmd: preprocess
  insize=2667 outsize=1124 ok=1
Cmd: preprocess
  insize=4145 outsize=528 ok=1
Cmd: preprocess
  insize=1567 outsize=610 ok=1
Cmd: preprocessCompute
  insize=1480 outsize=1484 ok=1
Cmd: preprocess
  insize=1876 outsize=565 ok=1
Cmd: preprocess
  insize=5415 outsize=2548 ok=1
Cmd: preprocess
  insize=1652 outsize=347 ok=1
Cmd: preprocess
  insize=1013 outsize=1615 ok=1
Cmd: preprocess
  insize=1457 outsize=474 ok=1
Cmd: preprocess
  insize=2273 outsize=1004 ok=1
Cmd: preprocess
  insize=3309 outsize=229 ok=1
Cmd: preprocess
  insize=1308 outsize=352 ok=1
Cmd: preprocessCompute
  insize=2283 outsize=2285 ok=1
Cmd: preprocess
  insize=3314 outsize=1461 ok=1
Cmd: preprocess
  insize=1893 outsize=901 ok=1
Cmd: preprocess
  insize=880 outsize=1145 ok=1
Cmd: initializeCompiler
Cmd: compileSnippet
  api=14 type=0 insize=1290 outsize=1331 kw= pd=UNITY_ENABLE_REFLECTION_BUFFERS UNITY_USE_DITHER_MASK_FOR_ALPHABLENDED_SHADOWS UNITY_PBS_USE_BRDF1 UNITY_SPECCUBE_BOX_PROJECTION UNITY_SPECCUBE_BLENDING UNITY_ENABLE_DETAIL_NORMALMAP SHADER_API_DESKTOP UNITY_COLORSPACE_GAMMA UNITY_LIGHT_PROBE_PROXY_VOLUME UNITY_LIGHTMAP_FULL_HDR ok=1
Cmd: compileSnippet
  api=14 type=1 insize=1290 outsize=634 kw= pd=UNITY_ENABLE_REFLECTION_BUFFERS UNITY_USE_DITHER_MASK_FOR_ALPHABLENDED_SHADOWS UNITY_PBS_USE_BRDF1 UNITY_SPECCUBE_BOX_PROJECTION UNITY_SPECCUBE_BLENDING UNITY_ENABLE_DETAIL_NORMALMAP SHADER_API_DESKTOP UNITY_COLORSPACE_GAMMA UNITY_LIGHT_PROBE_PROXY_VOLUME UNITY_LIGHTMAP_FULL_HDR ok=1
